c:\users\avaer\documents\github\chromium-79.0.3945.88\device\vr\build\vrclient_x64.dir\debug\vc141.pdb
c:\users\avaer\documents\github\chromium-79.0.3945.88\device\vr\build\vrclient_x64.dir\debug\cvrextendeddisplay.obj
c:\users\avaer\documents\github\chromium-79.0.3945.88\device\vr\build\vrclient_x64.dir\debug\baseextendeddisplay.obj
c:\users\avaer\documents\github\chromium-79.0.3945.88\device\vr\build\vrclient_x64.dir\debug\cvrsettings.obj
c:\users\avaer\documents\github\chromium-79.0.3945.88\device\vr\build\vrclient_x64.dir\debug\basesettings.obj
c:\users\avaer\documents\github\chromium-79.0.3945.88\device\vr\build\vrclient_x64.dir\debug\cvrscreenshots.obj
c:\users\avaer\documents\github\chromium-79.0.3945.88\device\vr\build\vrclient_x64.dir\debug\basescreenshots.obj
c:\users\avaer\documents\github\chromium-79.0.3945.88\device\vr\build\vrclient_x64.dir\debug\cvrrendermodels.obj
c:\users\avaer\documents\github\chromium-79.0.3945.88\device\vr\build\vrclient_x64.dir\debug\baserendermodels.obj
c:\users\avaer\documents\github\chromium-79.0.3945.88\device\vr\build\vrclient_x64.dir\debug\cvroverlay.obj
c:\users\avaer\documents\github\chromium-79.0.3945.88\device\vr\build\vrclient_x64.dir\debug\baseoverlay.obj
c:\users\avaer\documents\github\chromium-79.0.3945.88\device\vr\build\vrclient_x64.dir\debug\basechaperonesetup.obj
c:\users\avaer\documents\github\chromium-79.0.3945.88\device\vr\build\vrclient_x64.dir\debug\cvrchaperone.obj
c:\users\avaer\documents\github\chromium-79.0.3945.88\device\vr\build\vrclient_x64.dir\debug\basechaperone.obj
c:\users\avaer\documents\github\chromium-79.0.3945.88\device\vr\build\vrclient_x64.dir\debug\cvrsystem.obj
c:\users\avaer\documents\github\chromium-79.0.3945.88\device\vr\build\vrclient_x64.dir\debug\basesystem.obj
c:\users\avaer\documents\github\chromium-79.0.3945.88\device\vr\build\vrclient_x64.dir\debug\cvrcompositor.obj
c:\users\avaer\documents\github\chromium-79.0.3945.88\device\vr\build\vrclient_x64.dir\debug\basecompositor.obj
c:\users\avaer\documents\github\chromium-79.0.3945.88\device\vr\build\vrclient_x64.dir\debug\stubs.gen.obj
c:\users\avaer\documents\github\chromium-79.0.3945.88\device\vr\build\vrclient_x64.dir\debug\proxy.obj
c:\users\avaer\documents\github\chromium-79.0.3945.88\device\vr\build\vrclient_x64.dir\debug\fake_openvr_impl_api.obj
c:\users\avaer\documents\github\chromium-79.0.3945.88\device\vr\build\vrclient_x64.dir\debug\sharedlibtools_public.obj
c:\users\avaer\documents\github\chromium-79.0.3945.88\device\vr\build\vrclient_x64.dir\debug\cvrclientcore.obj
c:\users\avaer\documents\github\chromium-79.0.3945.88\device\vr\build\vrclient_x64.dir\debug\baseclientcore.obj
c:\users\avaer\documents\github\chromium-79.0.3945.88\device\vr\build\vrclient_x64.dir\debug\cvrinput.obj
c:\users\avaer\documents\github\chromium-79.0.3945.88\device\vr\build\vrclient_x64.dir\debug\baseinput.obj
c:\users\avaer\documents\github\chromium-79.0.3945.88\device\vr\build\vrclient_x64.dir\debug\cvrapplications.obj
c:\users\avaer\documents\github\chromium-79.0.3945.88\device\vr\build\vrclient_x64.dir\debug\baseapplications.obj
c:\users\avaer\documents\github\chromium-79.0.3945.88\device\vr\build\cmakefiles\generate.stamp
c:\users\avaer\documents\github\chromium-79.0.3945.88\device\vr\build\mock_vr_clients\bin\vrclient_x64.pdb
c:\users\avaer\documents\github\chromium-79.0.3945.88\device\vr\build\vrclient_x64.dir\debug\vrclient_x64.tlog\cl.command.1.tlog
c:\users\avaer\documents\github\chromium-79.0.3945.88\device\vr\build\vrclient_x64.dir\debug\vrclient_x64.tlog\cl.read.1.tlog
c:\users\avaer\documents\github\chromium-79.0.3945.88\device\vr\build\vrclient_x64.dir\debug\vrclient_x64.tlog\cl.write.1.tlog
c:\users\avaer\documents\github\chromium-79.0.3945.88\device\vr\build\vrclient_x64.dir\debug\vrclient_x64.tlog\custombuild.command.1.tlog
c:\users\avaer\documents\github\chromium-79.0.3945.88\device\vr\build\vrclient_x64.dir\debug\vrclient_x64.tlog\custombuild.read.1.tlog
c:\users\avaer\documents\github\chromium-79.0.3945.88\device\vr\build\vrclient_x64.dir\debug\vrclient_x64.tlog\custombuild.write.1.tlog
c:\users\avaer\documents\github\chromium-79.0.3945.88\device\vr\build\vrclient_x64.dir\debug\vrclient_x64.tlog\link-cvtres.read.1.tlog
c:\users\avaer\documents\github\chromium-79.0.3945.88\device\vr\build\vrclient_x64.dir\debug\vrclient_x64.tlog\link-cvtres.write.1.tlog
c:\users\avaer\documents\github\chromium-79.0.3945.88\device\vr\build\vrclient_x64.dir\debug\vrclient_x64.tlog\link-rc.read.1.tlog
c:\users\avaer\documents\github\chromium-79.0.3945.88\device\vr\build\vrclient_x64.dir\debug\vrclient_x64.tlog\link-rc.write.1.tlog
c:\users\avaer\documents\github\chromium-79.0.3945.88\device\vr\build\vrclient_x64.dir\debug\vrclient_x64.tlog\link.command.1.tlog
c:\users\avaer\documents\github\chromium-79.0.3945.88\device\vr\build\vrclient_x64.dir\debug\vrclient_x64.tlog\link.read.1.tlog
c:\users\avaer\documents\github\chromium-79.0.3945.88\device\vr\build\vrclient_x64.dir\debug\vrclient_x64.tlog\link.write.1.tlog
