c:\users\avaer\documents\github\chromium-79.0.3945.88\device\vr\build\vrclient_x64.dir\release\basesystem.obj
c:\users\avaer\documents\github\chromium-79.0.3945.88\device\vr\build\vrclient_x64.dir\release\cvrcompositor.obj
c:\users\avaer\documents\github\chromium-79.0.3945.88\device\vr\build\vrclient_x64.dir\release\basecompositor.obj
c:\users\avaer\documents\github\chromium-79.0.3945.88\device\vr\build\vrclient_x64.dir\release\stubs.gen.obj
c:\users\avaer\documents\github\chromium-79.0.3945.88\device\vr\build\vrclient_x64.dir\release\compositor2d.obj
c:\users\avaer\documents\github\chromium-79.0.3945.88\device\vr\build\vrclient_x64.dir\release\fnproxy.obj
c:\users\avaer\documents\github\chromium-79.0.3945.88\device\vr\build\vrclient_x64.dir\release\overlayproxy.obj
c:\users\avaer\documents\github\chromium-79.0.3945.88\device\vr\build\vrclient_x64.dir\release\applicationsproxy.obj
c:\users\avaer\documents\github\chromium-79.0.3945.88\device\vr\build\vrclient_x64.dir\release\rendermodelsproxy.obj
c:\users\avaer\documents\github\chromium-79.0.3945.88\device\vr\build\vrclient_x64.dir\release\settingsproxy.obj
c:\users\avaer\documents\github\chromium-79.0.3945.88\device\vr\build\vrclient_x64.dir\release\chaperonesetupproxy.obj
c:\users\avaer\documents\github\chromium-79.0.3945.88\device\vr\build\vrclient_x64.dir\release\chaperoneproxy.obj
c:\users\avaer\documents\github\chromium-79.0.3945.88\device\vr\build\vrclient_x64.dir\release\screenshotsproxy.obj
c:\users\avaer\documents\github\chromium-79.0.3945.88\device\vr\build\vrclient_x64.dir\release\inputproxy.obj
c:\users\avaer\documents\github\chromium-79.0.3945.88\device\vr\build\vrclient_x64.dir\release\compositorproxy.obj
c:\users\avaer\documents\github\chromium-79.0.3945.88\device\vr\build\vrclient_x64.dir\release\systemproxy.obj
c:\users\avaer\documents\github\chromium-79.0.3945.88\device\vr\build\vrclient_x64.dir\release\coreproxy.obj
c:\users\avaer\documents\github\chromium-79.0.3945.88\device\vr\build\vrclient_x64.dir\release\serializer.obj
c:\users\avaer\documents\github\chromium-79.0.3945.88\device\vr\build\vrclient_x64.dir\release\glcontext.obj
c:\users\avaer\documents\github\chromium-79.0.3945.88\device\vr\build\vrclient_x64.dir\release\fake_openvr_impl_api.obj
c:\users\avaer\documents\github\chromium-79.0.3945.88\device\vr\build\vrclient_x64.dir\release\cvrclientcore.obj
c:\users\avaer\documents\github\chromium-79.0.3945.88\device\vr\build\vrclient_x64.dir\release\baseclientcore.obj
c:\users\avaer\documents\github\chromium-79.0.3945.88\device\vr\build\vrclient_x64.dir\release\cvrinput.obj
c:\users\avaer\documents\github\chromium-79.0.3945.88\device\vr\build\vrclient_x64.dir\release\baseinput.obj
c:\users\avaer\documents\github\chromium-79.0.3945.88\device\vr\build\vrclient_x64.dir\release\cvrapplications.obj
c:\users\avaer\documents\github\chromium-79.0.3945.88\device\vr\build\vrclient_x64.dir\release\baseapplications.obj
c:\users\avaer\documents\github\chromium-79.0.3945.88\device\vr\build\vrclient_x64.dir\release\cvrextendeddisplay.obj
c:\users\avaer\documents\github\chromium-79.0.3945.88\device\vr\build\vrclient_x64.dir\release\baseextendeddisplay.obj
c:\users\avaer\documents\github\chromium-79.0.3945.88\device\vr\build\vrclient_x64.dir\release\cvrsettings.obj
c:\users\avaer\documents\github\chromium-79.0.3945.88\device\vr\build\vrclient_x64.dir\release\basesettings.obj
c:\users\avaer\documents\github\chromium-79.0.3945.88\device\vr\build\vrclient_x64.dir\release\cvrscreenshots.obj
c:\users\avaer\documents\github\chromium-79.0.3945.88\device\vr\build\vrclient_x64.dir\release\basescreenshots.obj
c:\users\avaer\documents\github\chromium-79.0.3945.88\device\vr\build\vrclient_x64.dir\release\cvrrendermodels.obj
c:\users\avaer\documents\github\chromium-79.0.3945.88\device\vr\build\vrclient_x64.dir\release\baserendermodels.obj
c:\users\avaer\documents\github\chromium-79.0.3945.88\device\vr\build\vrclient_x64.dir\release\cvroverlay.obj
c:\users\avaer\documents\github\chromium-79.0.3945.88\device\vr\build\vrclient_x64.dir\release\baseoverlay.obj
c:\users\avaer\documents\github\chromium-79.0.3945.88\device\vr\build\vrclient_x64.dir\release\basechaperonesetup.obj
c:\users\avaer\documents\github\chromium-79.0.3945.88\device\vr\build\vrclient_x64.dir\release\cvrchaperone.obj
c:\users\avaer\documents\github\chromium-79.0.3945.88\device\vr\build\vrclient_x64.dir\release\basechaperone.obj
c:\users\avaer\documents\github\chromium-79.0.3945.88\device\vr\build\vrclient_x64.dir\release\cvrsystem.obj
c:\users\avaer\documents\github\chromium-79.0.3945.88\device\vr\build\vrclient_x64.dir\release\dll.obj
c:\users\avaer\documents\github\chromium-79.0.3945.88\device\vr\build\vrclient_x64.dir\release\hijack.obj
c:\users\avaer\documents\github\chromium-79.0.3945.88\device\vr\build\vrclient_x64.dir\release\image.obj
c:\users\avaer\documents\github\chromium-79.0.3945.88\device\vr\build\vrclient_x64.dir\release\modules.obj
c:\users\avaer\documents\github\chromium-79.0.3945.88\device\vr\build\vrclient_x64.dir\release\disasm.obj
c:\users\avaer\documents\github\chromium-79.0.3945.88\device\vr\build\vrclient_x64.dir\release\detours.obj
c:\users\avaer\documents\github\chromium-79.0.3945.88\device\vr\build\vrclient_x64.dir\release\sharedlibtools_public.obj
c:\users\avaer\documents\github\chromium-79.0.3945.88\device\vr\build\cmakefiles\generate.stamp
c:\users\avaer\documents\github\chromium-79.0.3945.88\device\vr\build\mock_vr_clients\bin\vrclient_x64.dll
c:\users\avaer\documents\github\chromium-79.0.3945.88\device\vr\build\mock_vr_clients\bin\vrclient_x64.lib
c:\users\avaer\documents\github\chromium-79.0.3945.88\device\vr\build\mock_vr_clients\bin\vrclient_x64.exp
c:\users\avaer\documents\github\chromium-79.0.3945.88\device\vr\build\vrclient_x64.dir\release\vrclient_x64.tlog\cl.command.1.tlog
c:\users\avaer\documents\github\chromium-79.0.3945.88\device\vr\build\vrclient_x64.dir\release\vrclient_x64.tlog\cl.read.1.tlog
c:\users\avaer\documents\github\chromium-79.0.3945.88\device\vr\build\vrclient_x64.dir\release\vrclient_x64.tlog\cl.write.1.tlog
c:\users\avaer\documents\github\chromium-79.0.3945.88\device\vr\build\vrclient_x64.dir\release\vrclient_x64.tlog\custombuild.command.1.tlog
c:\users\avaer\documents\github\chromium-79.0.3945.88\device\vr\build\vrclient_x64.dir\release\vrclient_x64.tlog\custombuild.read.1.tlog
c:\users\avaer\documents\github\chromium-79.0.3945.88\device\vr\build\vrclient_x64.dir\release\vrclient_x64.tlog\custombuild.write.1.tlog
c:\users\avaer\documents\github\chromium-79.0.3945.88\device\vr\build\vrclient_x64.dir\release\vrclient_x64.tlog\link.command.1.tlog
c:\users\avaer\documents\github\chromium-79.0.3945.88\device\vr\build\vrclient_x64.dir\release\vrclient_x64.tlog\link.read.1.tlog
c:\users\avaer\documents\github\chromium-79.0.3945.88\device\vr\build\vrclient_x64.dir\release\vrclient_x64.tlog\link.write.1.tlog
c:\users\avaer\documents\github\chromium-79.0.3945.88\device\vr\build\vrclient_x64.dir\release\vrclient_x64.tlog\vrclient_x64.write.1u.tlog
