c:\users\avaer\documents\github\chromium-79.0.3945.88\device\vr\build\process.dir\release\fnproxy.obj
c:\users\avaer\documents\github\chromium-79.0.3945.88\device\vr\build\process.dir\release\process.obj
c:\users\avaer\documents\github\chromium-79.0.3945.88\device\vr\build\process.dir\release\serializer.obj
c:\users\avaer\documents\github\chromium-79.0.3945.88\device\vr\build\process.dir\release\baseclientcore.obj
c:\users\avaer\documents\github\chromium-79.0.3945.88\device\vr\build\process.dir\release\cvrextendeddisplay.obj
c:\users\avaer\documents\github\chromium-79.0.3945.88\device\vr\build\process.dir\release\baseextendeddisplay.obj
c:\users\avaer\documents\github\chromium-79.0.3945.88\device\vr\build\process.dir\release\cvrsettings.obj
c:\users\avaer\documents\github\chromium-79.0.3945.88\device\vr\build\process.dir\release\basesettings.obj
c:\users\avaer\documents\github\chromium-79.0.3945.88\device\vr\build\process.dir\release\cvrscreenshots.obj
c:\users\avaer\documents\github\chromium-79.0.3945.88\device\vr\build\process.dir\release\basescreenshots.obj
c:\users\avaer\documents\github\chromium-79.0.3945.88\device\vr\build\process.dir\release\cvrrendermodels.obj
c:\users\avaer\documents\github\chromium-79.0.3945.88\device\vr\build\process.dir\release\baserendermodels.obj
c:\users\avaer\documents\github\chromium-79.0.3945.88\device\vr\build\process.dir\release\cvroverlay.obj
c:\users\avaer\documents\github\chromium-79.0.3945.88\device\vr\build\process.dir\release\baseoverlay.obj
c:\users\avaer\documents\github\chromium-79.0.3945.88\device\vr\build\process.dir\release\basechaperonesetup.obj
c:\users\avaer\documents\github\chromium-79.0.3945.88\device\vr\build\process.dir\release\cvrchaperone.obj
c:\users\avaer\documents\github\chromium-79.0.3945.88\device\vr\build\process.dir\release\basechaperone.obj
c:\users\avaer\documents\github\chromium-79.0.3945.88\device\vr\build\process.dir\release\cvrsystem.obj
c:\users\avaer\documents\github\chromium-79.0.3945.88\device\vr\build\process.dir\release\basesystem.obj
c:\users\avaer\documents\github\chromium-79.0.3945.88\device\vr\build\process.dir\release\cvrcompositor.obj
c:\users\avaer\documents\github\chromium-79.0.3945.88\device\vr\build\process.dir\release\basecompositor.obj
c:\users\avaer\documents\github\chromium-79.0.3945.88\device\vr\build\process.dir\release\stubs.gen.obj
c:\users\avaer\documents\github\chromium-79.0.3945.88\device\vr\build\process.dir\release\compositorproxy.obj
c:\users\avaer\documents\github\chromium-79.0.3945.88\device\vr\build\process.dir\release\fake_openvr_impl_api.obj
c:\users\avaer\documents\github\chromium-79.0.3945.88\device\vr\build\process.dir\release\cvrclientcore.obj
c:\users\avaer\documents\github\chromium-79.0.3945.88\device\vr\build\process.dir\release\cvrinput.obj
c:\users\avaer\documents\github\chromium-79.0.3945.88\device\vr\build\process.dir\release\baseinput.obj
c:\users\avaer\documents\github\chromium-79.0.3945.88\device\vr\build\process.dir\release\cvrapplications.obj
c:\users\avaer\documents\github\chromium-79.0.3945.88\device\vr\build\process.dir\release\baseapplications.obj
c:\users\avaer\documents\github\chromium-79.0.3945.88\device\vr\build\process.dir\release\sharedlibtools_public.obj
c:\users\avaer\documents\github\chromium-79.0.3945.88\device\vr\build\process.dir\release\systemproxy.obj
c:\users\avaer\documents\github\chromium-79.0.3945.88\device\vr\build\cmakefiles\generate.stamp
c:\users\avaer\documents\github\chromium-79.0.3945.88\device\vr\build\mock_vr_clients\bin\process.exe
c:\users\avaer\documents\github\chromium-79.0.3945.88\device\vr\build\mock_vr_clients\bin\process.lib
c:\users\avaer\documents\github\chromium-79.0.3945.88\device\vr\build\mock_vr_clients\bin\process.exp
c:\users\avaer\documents\github\chromium-79.0.3945.88\device\vr\build\process.dir\release\coreproxy.obj
c:\users\avaer\documents\github\chromium-79.0.3945.88\device\vr\build\process.dir\release\glcontext.obj
c:\users\avaer\documents\github\chromium-79.0.3945.88\device\vr\build\mock_vr_clients\bin\process.pdb
c:\users\avaer\documents\github\chromium-79.0.3945.88\device\vr\build\process.dir\release\process.tlog\cl.command.1.tlog
c:\users\avaer\documents\github\chromium-79.0.3945.88\device\vr\build\process.dir\release\process.tlog\cl.read.1.tlog
c:\users\avaer\documents\github\chromium-79.0.3945.88\device\vr\build\process.dir\release\process.tlog\cl.write.1.tlog
c:\users\avaer\documents\github\chromium-79.0.3945.88\device\vr\build\process.dir\release\process.tlog\custombuild.command.1.tlog
c:\users\avaer\documents\github\chromium-79.0.3945.88\device\vr\build\process.dir\release\process.tlog\custombuild.read.1.tlog
c:\users\avaer\documents\github\chromium-79.0.3945.88\device\vr\build\process.dir\release\process.tlog\custombuild.write.1.tlog
c:\users\avaer\documents\github\chromium-79.0.3945.88\device\vr\build\process.dir\release\process.tlog\link.command.1.tlog
c:\users\avaer\documents\github\chromium-79.0.3945.88\device\vr\build\process.dir\release\process.tlog\link.read.1.tlog
c:\users\avaer\documents\github\chromium-79.0.3945.88\device\vr\build\process.dir\release\process.tlog\link.write.1.tlog
c:\users\avaer\documents\github\chromium-79.0.3945.88\device\vr\build\process.dir\release\process.tlog\process.write.1u.tlog
