c:\users\avaer\documents\github\chromium-79.0.3945.88\device\vr\build\process2.dir\debug\vc141.pdb
c:\users\avaer\documents\github\chromium-79.0.3945.88\device\vr\build\process2.dir\debug\serializer.obj
c:\users\avaer\documents\github\chromium-79.0.3945.88\device\vr\build\process2.dir\debug\process2.obj
c:\users\avaer\documents\github\chromium-79.0.3945.88\device\vr\build\process2.dir\debug\fnproxy.obj
c:\users\avaer\documents\github\chromium-79.0.3945.88\device\vr\build\cmakefiles\generate.stamp
c:\users\avaer\documents\github\chromium-79.0.3945.88\device\vr\build\mock_vr_clients\bin\process2.pdb
c:\users\avaer\documents\github\chromium-79.0.3945.88\device\vr\build\process2.dir\debug\process2.tlog\cl.command.1.tlog
c:\users\avaer\documents\github\chromium-79.0.3945.88\device\vr\build\process2.dir\debug\process2.tlog\cl.read.1.tlog
c:\users\avaer\documents\github\chromium-79.0.3945.88\device\vr\build\process2.dir\debug\process2.tlog\cl.write.1.tlog
c:\users\avaer\documents\github\chromium-79.0.3945.88\device\vr\build\process2.dir\debug\process2.tlog\custombuild.command.1.tlog
c:\users\avaer\documents\github\chromium-79.0.3945.88\device\vr\build\process2.dir\debug\process2.tlog\custombuild.read.1.tlog
c:\users\avaer\documents\github\chromium-79.0.3945.88\device\vr\build\process2.dir\debug\process2.tlog\custombuild.write.1.tlog
c:\users\avaer\documents\github\chromium-79.0.3945.88\device\vr\build\process2.dir\debug\process2.tlog\link-cvtres.read.1.tlog
c:\users\avaer\documents\github\chromium-79.0.3945.88\device\vr\build\process2.dir\debug\process2.tlog\link-cvtres.write.1.tlog
c:\users\avaer\documents\github\chromium-79.0.3945.88\device\vr\build\process2.dir\debug\process2.tlog\link-rc.read.1.tlog
c:\users\avaer\documents\github\chromium-79.0.3945.88\device\vr\build\process2.dir\debug\process2.tlog\link-rc.write.1.tlog
c:\users\avaer\documents\github\chromium-79.0.3945.88\device\vr\build\process2.dir\debug\process2.tlog\link.27396-cvtres.read.1.tlog
c:\users\avaer\documents\github\chromium-79.0.3945.88\device\vr\build\process2.dir\debug\process2.tlog\link.27396-cvtres.write.1.tlog
c:\users\avaer\documents\github\chromium-79.0.3945.88\device\vr\build\process2.dir\debug\process2.tlog\link.27396-rc.read.1.tlog
c:\users\avaer\documents\github\chromium-79.0.3945.88\device\vr\build\process2.dir\debug\process2.tlog\link.27396-rc.write.1.tlog
c:\users\avaer\documents\github\chromium-79.0.3945.88\device\vr\build\process2.dir\debug\process2.tlog\link.27396.read.1.tlog
c:\users\avaer\documents\github\chromium-79.0.3945.88\device\vr\build\process2.dir\debug\process2.tlog\link.27396.write.1.tlog
c:\users\avaer\documents\github\chromium-79.0.3945.88\device\vr\build\process2.dir\debug\process2.tlog\link.command.1.tlog
c:\users\avaer\documents\github\chromium-79.0.3945.88\device\vr\build\process2.dir\debug\process2.tlog\link.read.1.tlog
c:\users\avaer\documents\github\chromium-79.0.3945.88\device\vr\build\process2.dir\debug\process2.tlog\link.write.1.tlog
