c:\users\avaer\documents\github\chromium-79.0.3945.88\device\vr\build\process5.dir\release\cvrsystem.obj
c:\users\avaer\documents\github\chromium-79.0.3945.88\device\vr\build\process5.dir\release\basesystem.obj
c:\users\avaer\documents\github\chromium-79.0.3945.88\device\vr\build\process5.dir\release\cvrcompositor.obj
c:\users\avaer\documents\github\chromium-79.0.3945.88\device\vr\build\process5.dir\release\basecompositor.obj
c:\users\avaer\documents\github\chromium-79.0.3945.88\device\vr\build\process5.dir\release\stubs.gen.obj
c:\users\avaer\documents\github\chromium-79.0.3945.88\device\vr\build\process5.dir\release\fnproxy.obj
c:\users\avaer\documents\github\chromium-79.0.3945.88\device\vr\build\process5.dir\release\overlayproxy.obj
c:\users\avaer\documents\github\chromium-79.0.3945.88\device\vr\build\process5.dir\release\applicationsproxy.obj
c:\users\avaer\documents\github\chromium-79.0.3945.88\device\vr\build\process5.dir\release\rendermodelsproxy.obj
c:\users\avaer\documents\github\chromium-79.0.3945.88\device\vr\build\process5.dir\release\settingsproxy.obj
c:\users\avaer\documents\github\chromium-79.0.3945.88\device\vr\build\process5.dir\release\chaperonesetupproxy.obj
c:\users\avaer\documents\github\chromium-79.0.3945.88\device\vr\build\process5.dir\release\chaperoneproxy.obj
c:\users\avaer\documents\github\chromium-79.0.3945.88\device\vr\build\process5.dir\release\screenshotsproxy.obj
c:\users\avaer\documents\github\chromium-79.0.3945.88\device\vr\build\process5.dir\release\inputproxy.obj
c:\users\avaer\documents\github\chromium-79.0.3945.88\device\vr\build\process5.dir\release\compositorproxy.obj
c:\users\avaer\documents\github\chromium-79.0.3945.88\device\vr\build\process5.dir\release\systemproxy.obj
c:\users\avaer\documents\github\chromium-79.0.3945.88\device\vr\build\process5.dir\release\coreproxy.obj
c:\users\avaer\documents\github\chromium-79.0.3945.88\device\vr\build\process5.dir\release\serializer.obj
c:\users\avaer\documents\github\chromium-79.0.3945.88\device\vr\build\process5.dir\release\glcontext.obj
c:\users\avaer\documents\github\chromium-79.0.3945.88\device\vr\build\process5.dir\release\fake_openvr_impl_api.obj
c:\users\avaer\documents\github\chromium-79.0.3945.88\device\vr\build\cmakefiles\generate.stamp
c:\users\avaer\documents\github\chromium-79.0.3945.88\device\vr\build\process5.dir\release\process5.tlog\cl.command.1.tlog
c:\users\avaer\documents\github\chromium-79.0.3945.88\device\vr\build\process5.dir\release\process5.tlog\cl.read.1.tlog
c:\users\avaer\documents\github\chromium-79.0.3945.88\device\vr\build\process5.dir\release\process5.tlog\cl.write.1.tlog
c:\users\avaer\documents\github\chromium-79.0.3945.88\device\vr\build\process5.dir\release\process5.tlog\custombuild.command.1.tlog
c:\users\avaer\documents\github\chromium-79.0.3945.88\device\vr\build\process5.dir\release\process5.tlog\custombuild.read.1.tlog
c:\users\avaer\documents\github\chromium-79.0.3945.88\device\vr\build\process5.dir\release\process5.tlog\custombuild.write.1.tlog
